<?xml version="1.0" encoding="UTF-8"?>
<coverage generated="1662555200788" clover="3.2.0">
  <project timestamp="1662555200789" name="All files">
    <metrics statements="64" coveredstatements="17" conditionals="30" coveredconditionals="8" methods="23" coveredmethods="5" elements="117" coveredelements="30" complexity="0" loc="64" ncloc="64" packages="3" files="5" classes="5"/>
    <package name="src">
      <metrics statements="4" coveredstatements="4" conditionals="2" coveredconditionals="2" methods="1" coveredmethods="1"/>
      <file name="config.js" path="/Users/xinjn/work/project/docker/Monitor/monitor-koa2/src/config.js">
        <metrics statements="4" coveredstatements="4" conditionals="2" coveredconditionals="2" methods="1" coveredmethods="1"/>
        <line num="1" count="1" type="stmt"/>
        <line num="12" count="2" type="stmt"/>
        <line num="13" count="8" type="cond" truecount="2" falsecount="0"/>
        <line num="14" count="2" type="stmt"/>
      </file>
    </package>
    <package name="src.utils">
      <metrics statements="59" coveredstatements="12" conditionals="28" coveredconditionals="6" methods="21" coveredmethods="3"/>
      <file name="cache.js" path="/Users/xinjn/work/project/docker/Monitor/monitor-koa2/src/utils/cache.js">
        <metrics statements="4" coveredstatements="1" conditionals="0" coveredconditionals="0" methods="3" coveredmethods="0"/>
        <line num="4" count="1" type="stmt"/>
        <line num="7" count="0" type="stmt"/>
        <line num="11" count="0" type="stmt"/>
        <line num="15" count="0" type="stmt"/>
      </file>
      <file name="index.js" path="/Users/xinjn/work/project/docker/Monitor/monitor-koa2/src/utils/index.js">
        <metrics statements="28" coveredstatements="2" conditionals="14" coveredconditionals="0" methods="11" coveredmethods="1"/>
        <line num="3" count="1" type="stmt"/>
        <line num="7" count="1" type="stmt"/>
        <line num="9" count="0" type="cond" truecount="0" falsecount="2"/>
        <line num="12" count="0" type="stmt"/>
        <line num="13" count="0" type="cond" truecount="0" falsecount="2"/>
        <line num="16" count="0" type="stmt"/>
        <line num="17" count="0" type="stmt"/>
        <line num="18" count="0" type="stmt"/>
        <line num="23" count="0" type="stmt"/>
        <line num="28" count="0" type="stmt"/>
        <line num="29" count="0" type="cond" truecount="0" falsecount="4"/>
        <line num="30" count="0" type="stmt"/>
        <line num="32" count="0" type="cond" truecount="0" falsecount="2"/>
        <line num="33" count="0" type="stmt"/>
        <line num="34" count="0" type="stmt"/>
        <line num="39" count="0" type="stmt"/>
        <line num="40" count="0" type="stmt"/>
        <line num="45" count="0" type="stmt"/>
        <line num="102" count="0" type="stmt"/>
        <line num="108" count="0" type="cond" truecount="0" falsecount="2"/>
        <line num="109" count="0" type="stmt"/>
        <line num="112" count="0" type="stmt"/>
        <line num="113" count="0" type="stmt"/>
        <line num="114" count="0" type="stmt"/>
        <line num="117" count="0" type="stmt"/>
        <line num="122" count="0" type="stmt"/>
        <line num="125" count="0" type="cond" truecount="0" falsecount="2"/>
        <line num="126" count="0" type="stmt"/>
      </file>
      <file name="report.js" path="/Users/xinjn/work/project/docker/Monitor/monitor-koa2/src/utils/report.js">
        <metrics statements="27" coveredstatements="9" conditionals="14" coveredconditionals="6" methods="7" coveredmethods="2"/>
        <line num="22" count="1" type="cond" truecount="1" falsecount="1"/>
        <line num="26" count="1" type="cond" truecount="1" falsecount="1"/>
        <line num="29" count="0" type="stmt"/>
        <line num="31" count="0" type="stmt"/>
        <line num="33" count="0" type="stmt"/>
        <line num="34" count="0" type="stmt"/>
        <line num="38" count="1" type="stmt"/>
        <line num="40" count="1" type="cond" truecount="1" falsecount="1"/>
        <line num="41" count="0" type="stmt"/>
        <line num="44" count="1" type="stmt"/>
        <line num="52" count="1" type="cond" truecount="1" falsecount="1"/>
        <line num="53" count="0" type="stmt"/>
        <line num="54" count="0" type="stmt"/>
        <line num="58" count="1" type="cond" truecount="1" falsecount="1"/>
        <line num="60" count="0" type="stmt"/>
        <line num="62" count="0" type="stmt"/>
        <line num="68" count="1" type="stmt"/>
        <line num="69" count="0" type="stmt"/>
        <line num="74" count="1" type="stmt"/>
        <line num="77" count="0" type="stmt"/>
        <line num="79" count="0" type="stmt"/>
        <line num="82" count="0" type="stmt"/>
        <line num="83" count="0" type="stmt"/>
        <line num="85" count="0" type="stmt"/>
        <line num="86" count="0" type="cond" truecount="0" falsecount="2"/>
        <line num="87" count="0" type="stmt"/>
        <line num="89" count="0" type="stmt"/>
      </file>
    </package>
    <package name="test">
      <metrics statements="1" coveredstatements="1" conditionals="0" coveredconditionals="0" methods="1" coveredmethods="1"/>
      <file name="sum.js" path="/Users/xinjn/work/project/docker/Monitor/monitor-koa2/test/sum.js">
        <metrics statements="1" coveredstatements="1" conditionals="0" coveredconditionals="0" methods="1" coveredmethods="1"/>
        <line num="2" count="1" type="stmt"/>
      </file>
    </package>
  </project>
</coverage>
