{"/Users/xinjn/work/project/docker/Monitor/monitor-koa2/src/config.js": {"path":"/Users/xinjn/work/project/docker/Monitor/monitor-koa2/src/config.js","statementMap":{"0":{"start":{"line":1,"column":15},"end":{"line":9,"column":1}},"1":{"start":{"line":12,"column":2},"end":{"line":16,"column":3}},"2":{"start":{"line":13,"column":4},"end":{"line":15,"column":5}},"3":{"start":{"line":14,"column":6},"end":{"line":14,"column":32}}},"fnMap":{"0":{"name":"setConfig","decl":{"start":{"line":11,"column":9},"end":{"line":11,"column":18}},"loc":{"start":{"line":11,"column":28},"end":{"line":17,"column":1}},"line":11}},"branchMap":{"0":{"loc":{"start":{"line":13,"column":4},"end":{"line":15,"column":5}},"type":"if","locations":[{"start":{"line":13,"column":4},"end":{"line":15,"column":5}},{"start":{},"end":{}}],"line":13}},"s":{"0":1,"1":2,"2":8,"3":2},"f":{"0":2},"b":{"0":[2,6]},"_coverageSchema":"1a1c01bbd47fc00a2c39e90264f33305004495a9","hash":"cd7073c58e797395fe8ebc7561811a7ca924685b"}
,"/Users/xinjn/work/project/docker/Monitor/monitor-koa2/src/utils/cache.js": {"path":"/Users/xinjn/work/project/docker/Monitor/monitor-koa2/src/utils/cache.js","statementMap":{"0":{"start":{"line":4,"column":14},"end":{"line":4,"column":16}},"1":{"start":{"line":7,"column":2},"end":{"line":7,"column":19}},"2":{"start":{"line":11,"column":2},"end":{"line":11,"column":25}},"3":{"start":{"line":15,"column":2},"end":{"line":15,"column":18}}},"fnMap":{"0":{"name":"addCache","decl":{"start":{"line":6,"column":9},"end":{"line":6,"column":17}},"loc":{"start":{"line":6,"column":20},"end":{"line":8,"column":1}},"line":6},"1":{"name":"getCache","decl":{"start":{"line":10,"column":9},"end":{"line":10,"column":17}},"loc":{"start":{"line":10,"column":20},"end":{"line":12,"column":1}},"line":10},"2":{"name":"clearCache","decl":{"start":{"line":14,"column":9},"end":{"line":14,"column":19}},"loc":{"start":{"line":14,"column":22},"end":{"line":16,"column":1}},"line":14}},"branchMap":{},"s":{"0":1,"1":0,"2":0,"3":0},"f":{"0":0,"1":0,"2":0},"b":{},"_coverageSchema":"1a1c01bbd47fc00a2c39e90264f33305004495a9","hash":"0692486c273263de6507644ac923e0ffe6172f1e"}
,"/Users/xinjn/work/project/docker/Monitor/monitor-koa2/src/utils/index.js": {"path":"/Users/xinjn/work/project/docker/Monitor/monitor-koa2/src/utils/index.js","statementMap":{"0":{"start":{"line":3,"column":2},"end":{"line":3,"column":76}},"1":{"start":{"line":7,"column":11},"end":{"line":7,"column":13}},"2":{"start":{"line":9,"column":2},"end":{"line":9,"column":23}},"3":{"start":{"line":9,"column":12},"end":{"line":9,"column":23}},"4":{"start":{"line":12,"column":2},"end":{"line":12,"column":44}},"5":{"start":{"line":13,"column":2},"end":{"line":13,"column":23}},"6":{"start":{"line":13,"column":12},"end":{"line":13,"column":23}},"7":{"start":{"line":16,"column":2},"end":{"line":16,"column":27}},"8":{"start":{"line":17,"column":2},"end":{"line":17,"column":43}},"9":{"start":{"line":18,"column":2},"end":{"line":18,"column":13}},"10":{"start":{"line":23,"column":2},"end":{"line":23,"column":57}},"11":{"start":{"line":28,"column":29},"end":{"line":37,"column":3}},"12":{"start":{"line":29,"column":4},"end":{"line":36,"column":5}},"13":{"start":{"line":30,"column":6},"end":{"line":30,"column":21}},"14":{"start":{"line":32,"column":6},"end":{"line":35,"column":7}},"15":{"start":{"line":33,"column":8},"end":{"line":33,"column":80}},"16":{"start":{"line":34,"column":8},"end":{"line":34,"column":72}},"17":{"start":{"line":39,"column":2},"end":{"line":39,"column":71}},"18":{"start":{"line":40,"column":2},"end":{"line":40,"column":63}},"19":{"start":{"line":45,"column":2},"end":{"line":45,"column":29}},"20":{"start":{"line":102,"column":2},"end":{"line":102,"column":34}},"21":{"start":{"line":108,"column":2},"end":{"line":118,"column":3}},"22":{"start":{"line":109,"column":4},"end":{"line":109,"column":14}},"23":{"start":{"line":112,"column":19},"end":{"line":115,"column":5}},"24":{"start":{"line":113,"column":6},"end":{"line":113,"column":16}},"25":{"start":{"line":114,"column":6},"end":{"line":114,"column":54}},"26":{"start":{"line":117,"column":4},"end":{"line":117,"column":49}},"27":{"start":{"line":122,"column":2},"end":{"line":130,"column":3}},"28":{"start":{"line":125,"column":6},"end":{"line":127,"column":7}},"29":{"start":{"line":126,"column":8},"end":{"line":126,"column":23}}},"fnMap":{"0":{"name":"generateUniqueID","decl":{"start":{"line":2,"column":9},"end":{"line":2,"column":25}},"loc":{"start":{"line":2,"column":28},"end":{"line":4,"column":1}},"line":2},"1":{"name":"getUUID","decl":{"start":{"line":8,"column":9},"end":{"line":8,"column":16}},"loc":{"start":{"line":8,"column":19},"end":{"line":19,"column":1}},"line":8},"2":{"name":"onBeforeunload","decl":{"start":{"line":22,"column":9},"end":{"line":22,"column":23}},"loc":{"start":{"line":22,"column":34},"end":{"line":24,"column":1}},"line":22},"3":{"name":"onHidden","decl":{"start":{"line":27,"column":9},"end":{"line":27,"column":17}},"loc":{"start":{"line":27,"column":34},"end":{"line":41,"column":1}},"line":27},"4":{"name":"(anonymous_4)","decl":{"start":{"line":28,"column":29},"end":{"line":28,"column":30}},"loc":{"start":{"line":28,"column":38},"end":{"line":37,"column":3}},"line":28},"5":{"name":"getPageURL","decl":{"start":{"line":44,"column":9},"end":{"line":44,"column":19}},"loc":{"start":{"line":44,"column":22},"end":{"line":46,"column":1}},"line":44},"6":{"name":"deepClone","decl":{"start":{"line":101,"column":9},"end":{"line":101,"column":18}},"loc":{"start":{"line":101,"column":27},"end":{"line":103,"column":1}},"line":101},"7":{"name":"executeAfterLoad","decl":{"start":{"line":106,"column":9},"end":{"line":106,"column":25}},"loc":{"start":{"line":106,"column":36},"end":{"line":119,"column":1}},"line":106},"8":{"name":"(anonymous_8)","decl":{"start":{"line":112,"column":19},"end":{"line":112,"column":20}},"loc":{"start":{"line":112,"column":25},"end":{"line":115,"column":5}},"line":112},"9":{"name":"onBFCacheRestore","decl":{"start":{"line":121,"column":9},"end":{"line":121,"column":25}},"loc":{"start":{"line":121,"column":36},"end":{"line":131,"column":1}},"line":121},"10":{"name":"(anonymous_10)","decl":{"start":{"line":124,"column":4},"end":{"line":124,"column":5}},"loc":{"start":{"line":124,"column":13},"end":{"line":128,"column":5}},"line":124}},"branchMap":{"0":{"loc":{"start":{"line":9,"column":2},"end":{"line":9,"column":23}},"type":"if","locations":[{"start":{"line":9,"column":2},"end":{"line":9,"column":23}},{"start":{},"end":{}}],"line":9},"1":{"loc":{"start":{"line":13,"column":2},"end":{"line":13,"column":23}},"type":"if","locations":[{"start":{"line":13,"column":2},"end":{"line":13,"column":23}},{"start":{},"end":{}}],"line":13},"2":{"loc":{"start":{"line":29,"column":4},"end":{"line":36,"column":5}},"type":"if","locations":[{"start":{"line":29,"column":4},"end":{"line":36,"column":5}},{"start":{},"end":{}}],"line":29},"3":{"loc":{"start":{"line":29,"column":8},"end":{"line":29,"column":74}},"type":"binary-expr","locations":[{"start":{"line":29,"column":8},"end":{"line":29,"column":33}},{"start":{"line":29,"column":37},"end":{"line":29,"column":74}}],"line":29},"4":{"loc":{"start":{"line":32,"column":6},"end":{"line":35,"column":7}},"type":"if","locations":[{"start":{"line":32,"column":6},"end":{"line":35,"column":7}},{"start":{},"end":{}}],"line":32},"5":{"loc":{"start":{"line":108,"column":2},"end":{"line":118,"column":3}},"type":"if","locations":[{"start":{"line":108,"column":2},"end":{"line":118,"column":3}},{"start":{"line":110,"column":9},"end":{"line":118,"column":3}}],"line":108},"6":{"loc":{"start":{"line":125,"column":6},"end":{"line":127,"column":7}},"type":"if","locations":[{"start":{"line":125,"column":6},"end":{"line":127,"column":7}},{"start":{},"end":{}}],"line":125}},"s":{"0":1,"1":1,"2":0,"3":0,"4":0,"5":0,"6":0,"7":0,"8":0,"9":0,"10":0,"11":0,"12":0,"13":0,"14":0,"15":0,"16":0,"17":0,"18":0,"19":0,"20":0,"21":0,"22":0,"23":0,"24":0,"25":0,"26":0,"27":0,"28":0,"29":0},"f":{"0":1,"1":0,"2":0,"3":0,"4":0,"5":0,"6":0,"7":0,"8":0,"9":0,"10":0},"b":{"0":[0,0],"1":[0,0],"2":[0,0],"3":[0,0],"4":[0,0],"5":[0,0],"6":[0,0]},"_coverageSchema":"1a1c01bbd47fc00a2c39e90264f33305004495a9","hash":"4bbecbc44c1cf44108a4d0fc5669fe01d409478e"}
,"/Users/xinjn/work/project/docker/Monitor/monitor-koa2/src/utils/report.js": {"path":"/Users/xinjn/work/project/docker/Monitor/monitor-koa2/src/utils/report.js","statementMap":{"0":{"start":{"line":22,"column":2},"end":{"line":22,"column":54}},"1":{"start":{"line":26,"column":19},"end":{"line":26,"column":109}},"2":{"start":{"line":29,"column":14},"end":{"line":29,"column":34}},"3":{"start":{"line":31,"column":24},"end":{"line":31,"column":48}},"4":{"start":{"line":33,"column":2},"end":{"line":33,"column":50}},"5":{"start":{"line":34,"column":2},"end":{"line":34,"column":52}},"6":{"start":{"line":38,"column":18},"end":{"line":38,"column":36}},"7":{"start":{"line":40,"column":2},"end":{"line":42,"column":3}},"8":{"start":{"line":41,"column":4},"end":{"line":41,"column":33}},"9":{"start":{"line":44,"column":21},"end":{"line":49,"column":4}},"10":{"start":{"line":52,"column":2},"end":{"line":55,"column":3}},"11":{"start":{"line":53,"column":4},"end":{"line":53,"column":38}},"12":{"start":{"line":54,"column":4},"end":{"line":54,"column":10}},"13":{"start":{"line":58,"column":2},"end":{"line":71,"column":3}},"14":{"start":{"line":60,"column":4},"end":{"line":65,"column":5}},"15":{"start":{"line":62,"column":8},"end":{"line":62,"column":42}},"16":{"start":{"line":68,"column":4},"end":{"line":70,"column":6}},"17":{"start":{"line":69,"column":6},"end":{"line":69,"column":40}},"18":{"start":{"line":74,"column":12},"end":{"line":74,"column":16}},"19":{"start":{"line":77,"column":2},"end":{"line":77,"column":14}},"20":{"start":{"line":79,"column":2},"end":{"line":79,"column":16}},"21":{"start":{"line":82,"column":2},"end":{"line":82,"column":21}},"22":{"start":{"line":83,"column":2},"end":{"line":91,"column":13}},"23":{"start":{"line":85,"column":17},"end":{"line":85,"column":27}},"24":{"start":{"line":86,"column":4},"end":{"line":90,"column":5}},"25":{"start":{"line":87,"column":6},"end":{"line":87,"column":18}},"26":{"start":{"line":89,"column":6},"end":{"line":89,"column":18}}},"fnMap":{"0":{"name":"isSupportSendBeacon","decl":{"start":{"line":21,"column":9},"end":{"line":21,"column":28}},"loc":{"start":{"line":21,"column":31},"end":{"line":23,"column":1}},"line":21},"1":{"name":"reportWithXHR","decl":{"start":{"line":28,"column":9},"end":{"line":28,"column":22}},"loc":{"start":{"line":28,"column":29},"end":{"line":35,"column":1}},"line":28},"2":{"name":"report","decl":{"start":{"line":39,"column":9},"end":{"line":39,"column":15}},"loc":{"start":{"line":39,"column":43},"end":{"line":72,"column":1}},"line":39},"3":{"name":"(anonymous_3)","decl":{"start":{"line":61,"column":6},"end":{"line":61,"column":7}},"loc":{"start":{"line":61,"column":12},"end":{"line":63,"column":7}},"line":61},"4":{"name":"(anonymous_4)","decl":{"start":{"line":68,"column":15},"end":{"line":68,"column":16}},"loc":{"start":{"line":68,"column":21},"end":{"line":70,"column":5}},"line":68},"5":{"name":"lazyReportCache","decl":{"start":{"line":76,"column":9},"end":{"line":76,"column":24}},"loc":{"start":{"line":76,"column":47},"end":{"line":92,"column":1}},"line":76},"6":{"name":"(anonymous_6)","decl":{"start":{"line":83,"column":21},"end":{"line":83,"column":22}},"loc":{"start":{"line":83,"column":27},"end":{"line":91,"column":3}},"line":83}},"branchMap":{"0":{"loc":{"start":{"line":22,"column":9},"end":{"line":22,"column":54}},"type":"cond-expr","locations":[{"start":{"line":22,"column":18},"end":{"line":22,"column":49}},{"start":{"line":22,"column":52},"end":{"line":22,"column":54}}],"line":22},"1":{"loc":{"start":{"line":26,"column":19},"end":{"line":26,"column":109}},"type":"cond-expr","locations":[{"start":{"line":26,"column":43},"end":{"line":26,"column":93}},{"start":{"line":26,"column":96},"end":{"line":26,"column":109}}],"line":26},"2":{"loc":{"start":{"line":39,"column":22},"end":{"line":39,"column":41}},"type":"default-arg","locations":[{"start":{"line":39,"column":36},"end":{"line":39,"column":41}}],"line":39},"3":{"loc":{"start":{"line":40,"column":2},"end":{"line":42,"column":3}},"type":"if","locations":[{"start":{"line":40,"column":2},"end":{"line":42,"column":3}},{"start":{},"end":{}}],"line":40},"4":{"loc":{"start":{"line":52,"column":2},"end":{"line":55,"column":3}},"type":"if","locations":[{"start":{"line":52,"column":2},"end":{"line":55,"column":3}},{"start":{},"end":{}}],"line":52},"5":{"loc":{"start":{"line":58,"column":2},"end":{"line":71,"column":3}},"type":"if","locations":[{"start":{"line":58,"column":2},"end":{"line":71,"column":3}},{"start":{"line":66,"column":9},"end":{"line":71,"column":3}}],"line":58},"6":{"loc":{"start":{"line":76,"column":31},"end":{"line":76,"column":45}},"type":"default-arg","locations":[{"start":{"line":76,"column":41},"end":{"line":76,"column":45}}],"line":76},"7":{"loc":{"start":{"line":86,"column":4},"end":{"line":90,"column":5}},"type":"if","locations":[{"start":{"line":86,"column":4},"end":{"line":90,"column":5}},{"start":{},"end":{}}],"line":86}},"s":{"0":1,"1":1,"2":0,"3":0,"4":0,"5":0,"6":1,"7":1,"8":0,"9":1,"10":1,"11":0,"12":0,"13":1,"14":0,"15":0,"16":1,"17":0,"18":1,"19":0,"20":0,"21":0,"22":0,"23":0,"24":0,"25":0,"26":0},"f":{"0":1,"1":0,"2":1,"3":0,"4":0,"5":0,"6":0},"b":{"0":[1,0],"1":[0,1],"2":[1],"3":[0,1],"4":[0,1],"5":[0,1],"6":[0],"7":[0,0]},"_coverageSchema":"1a1c01bbd47fc00a2c39e90264f33305004495a9","hash":"b585d2d25e3fd330c3218dd7e4d55a87cd1ad2b0"}
,"/Users/xinjn/work/project/docker/Monitor/monitor-koa2/test/sum.js": {"path":"/Users/xinjn/work/project/docker/Monitor/monitor-koa2/test/sum.js","statementMap":{"0":{"start":{"line":2,"column":2},"end":{"line":2,"column":14}}},"fnMap":{"0":{"name":"sum","decl":{"start":{"line":1,"column":9},"end":{"line":1,"column":12}},"loc":{"start":{"line":1,"column":19},"end":{"line":3,"column":1}},"line":1}},"branchMap":{},"s":{"0":1},"f":{"0":1},"b":{},"_coverageSchema":"1a1c01bbd47fc00a2c39e90264f33305004495a9","hash":"275938381404b7826ad590d56138a1a2881cb97a"}
}
