TN:
SF:src/config.js
FN:11,setConfig
FNF:1
FNH:1
FNDA:2,setConfig
DA:1,1
DA:12,2
DA:13,8
DA:14,2
LF:4
LH:4
BRDA:13,0,0,2
BRDA:13,0,1,6
BRF:2
BRH:2
end_of_record
TN:
SF:src/utils/cache.js
FN:6,addCache
FN:10,getCache
FN:14,clearCache
FNF:3
FNH:0
FNDA:0,addCache
FNDA:0,getCache
FNDA:0,clearCache
DA:4,1
DA:7,0
DA:11,0
DA:15,0
LF:4
LH:1
BRF:0
BRH:0
end_of_record
TN:
SF:src/utils/index.js
FN:2,generateUniqueID
FN:8,getUUID
FN:22,onBeforeunload
FN:27,onHidden
FN:28,(anonymous_4)
FN:44,getPageURL
FN:101,deepClone
FN:106,executeAfterLoad
FN:112,(anonymous_8)
FN:121,onBFCacheRestore
FN:124,(anonymous_10)
FNF:11
FNH:1
FNDA:1,generateUniqueID
FNDA:0,getUUID
FNDA:0,onBeforeunload
FNDA:0,onHidden
FNDA:0,(anonymous_4)
FNDA:0,getPageURL
FNDA:0,deepClone
FNDA:0,executeAfterLoad
FNDA:0,(anonymous_8)
FNDA:0,onBFCacheRestore
FNDA:0,(anonymous_10)
DA:3,1
DA:7,1
DA:9,0
DA:12,0
DA:13,0
DA:16,0
DA:17,0
DA:18,0
DA:23,0
DA:28,0
DA:29,0
DA:30,0
DA:32,0
DA:33,0
DA:34,0
DA:39,0
DA:40,0
DA:45,0
DA:102,0
DA:108,0
DA:109,0
DA:112,0
DA:113,0
DA:114,0
DA:117,0
DA:122,0
DA:125,0
DA:126,0
LF:28
LH:2
BRDA:9,0,0,0
BRDA:9,0,1,0
BRDA:13,1,0,0
BRDA:13,1,1,0
BRDA:29,2,0,0
BRDA:29,2,1,0
BRDA:29,3,0,0
BRDA:29,3,1,0
BRDA:32,4,0,0
BRDA:32,4,1,0
BRDA:108,5,0,0
BRDA:108,5,1,0
BRDA:125,6,0,0
BRDA:125,6,1,0
BRF:14
BRH:0
end_of_record
TN:
SF:src/utils/report.js
FN:21,isSupportSendBeacon
FN:28,reportWithXHR
FN:39,report
FN:61,(anonymous_3)
FN:68,(anonymous_4)
FN:76,lazyReportCache
FN:83,(anonymous_6)
FNF:7
FNH:2
FNDA:1,isSupportSendBeacon
FNDA:0,reportWithXHR
FNDA:1,report
FNDA:0,(anonymous_3)
FNDA:0,(anonymous_4)
FNDA:0,lazyReportCache
FNDA:0,(anonymous_6)
DA:22,1
DA:26,1
DA:29,0
DA:31,0
DA:33,0
DA:34,0
DA:38,1
DA:40,1
DA:41,0
DA:44,1
DA:52,1
DA:53,0
DA:54,0
DA:58,1
DA:60,0
DA:62,0
DA:68,1
DA:69,0
DA:74,1
DA:77,0
DA:79,0
DA:82,0
DA:83,0
DA:85,0
DA:86,0
DA:87,0
DA:89,0
LF:27
LH:9
BRDA:22,0,0,1
BRDA:22,0,1,0
BRDA:26,1,0,0
BRDA:26,1,1,1
BRDA:39,2,0,1
BRDA:40,3,0,0
BRDA:40,3,1,1
BRDA:52,4,0,0
BRDA:52,4,1,1
BRDA:58,5,0,0
BRDA:58,5,1,1
BRDA:76,6,0,0
BRDA:86,7,0,0
BRDA:86,7,1,0
BRF:14
BRH:6
end_of_record
TN:
SF:test/sum.js
FN:1,sum
FNF:1
FNH:1
FNDA:1,sum
DA:2,1
LF:1
LH:1
BRF:0
BRH:0
end_of_record
